<?xml version="1.0" encoding="UTF-8"?>
<!-- Generated by org.testng.reporters.JUnitXMLReporter -->
<testsuite ignored="5" hostname="DESKTOP-U63UI4D" failures="0" tests="2" name="Orange HRM Smoke Test" time="26.523" errors="0" timestamp="2022-08-19T10:29:35 BST">
  <testcase classname="com.qa.orangehrm.tests.LoginPageTest" name="LoginTest" time="4.69"/>
  <testcase classname="com.qa.orangehrm.tests.HomePageTest" name="verifyAccountName" time="2.474"/>
  <testcase classname="com.qa.orangehrm.tests.HomePageTest" name="verifyHomePageTitle" time="0.0">
    <ignored/>
  </testcase> <!-- verifyHomePageTitle -->
  <testcase classname="com.qa.orangehrm.tests.HomePageTest" name="verifyhomePageHeader" time="0.0">
    <ignored/>
  </testcase> <!-- verifyhomePageHeader -->
  <testcase classname="com.qa.orangehrm.tests.HomePageTest" name="verifyHomePageUrl" time="0.0">
    <ignored/>
  </testcase> <!-- verifyHomePageUrl -->
  <testcase classname="com.qa.orangehrm.tests.LoginPageTest" name="verifyLoginPageTitleTest" time="0.0">
    <ignored/>
  </testcase> <!-- verifyLoginPageTitleTest -->
  <testcase classname="com.qa.orangehrm.tests.LoginPageTest" name="verifyForgetPassLink" time="0.0">
    <ignored/>
  </testcase> <!-- verifyForgetPassLink -->
</testsuite> <!-- Orange HRM Smoke Test -->
